Virtual User Script started at: 26-05-2020 19:34:15
Starting action vuser_init.
Web Turbo Replay of LoadRunner 2020.0.0 for Windows 10; build 793 (Nov 27 2019 19:51:20)  	[MsgId: MMSG-26983]
Run mode: HTML  	[MsgId: MMSG-26993]
Replay user agent: Mozilla/5.0 (Windows NT 10.0; Win64; x64) AppleWebKit/537.36 (KHTML, like Gecko) Chrome/81.0.4044.138 Safari/537.36  	[MsgId: MMSG-26988]
Runtime Settings file: "C:\Project\PVS\Scripts\S01_QualitativeReview\\default.cfg"  	[MsgId: MMSG-27141]
Ending action vuser_init.
Running Vuser...
Starting iteration 1.
Starting action Action.
Action.c(4): web_set_max_html_param_len started  	[MsgId: MMSG-26355]
Action.c(4): web_set_max_html_param_len was successful  	[MsgId: MMSG-26392]
Action.c(6): web_cleanup_auto_headers started  	[MsgId: MMSG-26355]
Action.c(6): web_cleanup_auto_headers was successful  	[MsgId: MMSG-26392]
Action.c(8): Notify: Transaction "S01_01_OpenApplication" started.
Action.c(10): web_set_sockets_option started  	[MsgId: MMSG-26355]
Action.c(10): web_set_sockets_option was successful  	[MsgId: MMSG-26392]
Action.c(12): web_add_header("Accept-Encoding") started  	[MsgId: MMSG-26355]
Action.c(12): web_add_header("Accept-Encoding") was successful  	[MsgId: MMSG-26392]
Action.c(15): web_add_auto_header("Accept-Language") started  	[MsgId: MMSG-26355]
Action.c(15): web_add_auto_header("Accept-Language") was successful  	[MsgId: MMSG-26392]
Action.c(18): web_add_header("Sec-Fetch-Dest") started  	[MsgId: MMSG-26355]
Action.c(18): web_add_header("Sec-Fetch-Dest") was successful  	[MsgId: MMSG-26392]
Action.c(21): web_add_header("Sec-Fetch-Mode") started  	[MsgId: MMSG-26355]
Action.c(21): web_add_header("Sec-Fetch-Mode") was successful  	[MsgId: MMSG-26392]
Action.c(24): web_add_header("Sec-Fetch-Site") started  	[MsgId: MMSG-26355]
Action.c(24): web_add_header("Sec-Fetch-Site") was successful  	[MsgId: MMSG-26392]
Action.c(27): web_add_auto_header("User-Agent") started  	[MsgId: MMSG-26355]
Action.c(27): web_add_auto_header("User-Agent") was successful  	[MsgId: MMSG-26392]
Action.c(30): web_add_header("Accept-Encoding") started  	[MsgId: MMSG-26355]
Action.c(30): Warning -26592: A header of the same name has been added already. This header is added anyway.  	[MsgId: MWAR-26592]
Action.c(30): web_add_header("Accept-Encoding") highest severity level was "warning"  	[MsgId: MMSG-26391]
Action.c(33): web_add_header("Accept") started  	[MsgId: MMSG-26355]
Action.c(33): web_add_header("Accept") was successful  	[MsgId: MMSG-26392]
Action.c(36): web_add_header("Upgrade-Insecure-Requests") started  	[MsgId: MMSG-26355]
Action.c(36): web_add_header("Upgrade-Insecure-Requests") was successful  	[MsgId: MMSG-26392]
Action.c(40): web_reg_save_param_attrib started  	[MsgId: MMSG-26355]
Action.c(40): Registering web_reg_save_param_attrib was successful  	[MsgId: MMSG-26390]
Action.c(51): web_reg_find started  	[MsgId: MMSG-26355]
Action.c(51): Registering web_reg_find was successful  	[MsgId: MMSG-26390]
Action.c(55): web_url("signal") started  	[MsgId: MMSG-26355]
Action.c(55): Redirecting "http://10.100.22.24:8181/signal" (redirection depth is 0)  	[MsgId: MMSG-26694]
Action.c(55): To location "http://10.100.22.24:8181/signal/"  	[MsgId: MMSG-26693]
Action.c(55): Redirecting "http://10.100.22.24:8181/signal/" (redirection depth is 1)  	[MsgId: MMSG-26694]
Action.c(55): To location "http://10.100.22.24:8181/signal/login/auth"  	[MsgId: MMSG-26693]
Action.c(55): Registered web_reg_find successful for "Text=Log in" (count=2)  	[MsgId: MMSG-26364]
Action.c(55): web_url("signal") was successful, 2397 body bytes, 586 header bytes, 17 chunking overhead bytes  	[MsgId: MMSG-26385]
Action.c(64): web_add_header("Sec-Fetch-Site") started  	[MsgId: MMSG-26355]
Action.c(64): web_add_header("Sec-Fetch-Site") was successful  	[MsgId: MMSG-26392]
Action.c(67): web_add_header("Sec-Fetch-Mode") started  	[MsgId: MMSG-26355]
Action.c(67): web_add_header("Sec-Fetch-Mode") was successful  	[MsgId: MMSG-26392]
Action.c(70): web_add_header("Sec-Fetch-Dest") started  	[MsgId: MMSG-26355]
Action.c(70): web_add_header("Sec-Fetch-Dest") was successful  	[MsgId: MMSG-26392]
Action.c(73): web_add_header("Accept-Encoding") started  	[MsgId: MMSG-26355]
Action.c(73): web_add_header("Accept-Encoding") was successful  	[MsgId: MMSG-26392]
Action.c(76): web_concurrent_start started  	[MsgId: MMSG-26355]
Action.c(76): web_concurrent_start was successful  	[MsgId: MMSG-26392]
Action.c(80): web_add_header("Sec-Fetch-Site") started  	[MsgId: MMSG-26355]
Action.c(80): Warning -26592: A header of the same name has been added already. This header is added anyway.  	[MsgId: MWAR-26592]
Action.c(80): web_add_header("Sec-Fetch-Site") highest severity level was "warning"  	[MsgId: MMSG-26391]
Action.c(83): web_add_header("Sec-Fetch-Mode") started  	[MsgId: MMSG-26355]
Action.c(83): Warning -26592: A header of the same name has been added already. This header is added anyway.  	[MsgId: MWAR-26592]
Action.c(83): web_add_header("Sec-Fetch-Mode") highest severity level was "warning"  	[MsgId: MMSG-26391]
Action.c(86): web_add_header("Sec-Fetch-Dest") started  	[MsgId: MMSG-26355]
Action.c(86): Warning -26592: A header of the same name has been added already. This header is added anyway.  	[MsgId: MWAR-26592]
Action.c(86): web_add_header("Sec-Fetch-Dest") highest severity level was "warning"  	[MsgId: MMSG-26391]
Action.c(89): web_add_header("Accept-Encoding") started  	[MsgId: MMSG-26355]
Action.c(89): Warning -26592: A header of the same name has been added already. This header is added anyway.  	[MsgId: MWAR-26592]
Action.c(89): web_add_header("Accept-Encoding") highest severity level was "warning"  	[MsgId: MMSG-26391]
Action.c(100): web_concurrent_end started  	[MsgId: MMSG-26355]
Action.c(100): web_concurrent_end was successful  	[MsgId: MMSG-26392]
Action.c(102): web_remove_auto_header("Accept-Language") started  	[MsgId: MMSG-26355]
Action.c(102): Previous automatically added web header for "Accept-Language" removed  	[MsgId: MMSG-26587]
Action.c(102): web_remove/revert_auto_header("Accept-Language") was successful  	[MsgId: MMSG-26392]
Action.c(104): web_add_header("Accept-Encoding") started  	[MsgId: MMSG-26355]
Action.c(104): web_add_header("Accept-Encoding") was successful  	[MsgId: MMSG-26392]
Action.c(107): web_add_header("A-IM") started  	[MsgId: MMSG-26355]
Action.c(107): web_add_header("A-IM") was successful  	[MsgId: MMSG-26392]
Action.c(110): web_add_header("If-None-Match") started  	[MsgId: MMSG-26355]
Action.c(110): Warning -26594: The header being added may cause unpredictable results if applied to ALL the URLs generated on behalf of the next script function. It will apply to the primary URL only.  	[MsgId: MWAR-26594]
Action.c(110): web_add_header("If-None-Match") highest severity level was "warning"  	[MsgId: MMSG-26391]
Action.c(113): web_add_header("Sec-Fetch-Dest") started  	[MsgId: MMSG-26355]
Action.c(113): web_add_header("Sec-Fetch-Dest") was successful  	[MsgId: MMSG-26392]
Action.c(116): web_add_header("Sec-Fetch-Mode") started  	[MsgId: MMSG-26355]
Action.c(116): web_add_header("Sec-Fetch-Mode") was successful  	[MsgId: MMSG-26392]
Action.c(119): web_add_header("Sec-Fetch-Site") started  	[MsgId: MMSG-26355]
Action.c(119): web_add_header("Sec-Fetch-Site") was successful  	[MsgId: MMSG-26392]
Action.c(123): web_add_header("Accept") started  	[MsgId: MMSG-26355]
Action.c(123): web_add_header("Accept") was successful  	[MsgId: MMSG-26392]
Action.c(126): web_add_auto_header("Accept-Encoding") started  	[MsgId: MMSG-26355]
Action.c(126): web_add_auto_header("Accept-Encoding") was successful  	[MsgId: MMSG-26392]
Action.c(129): web_add_auto_header("Accept-Language") started  	[MsgId: MMSG-26355]
Action.c(129): web_add_auto_header("Accept-Language") was successful  	[MsgId: MMSG-26392]
Action.c(132): web_url("login-23162286b278bf1e48cb0201c9e9a644.css") started  	[MsgId: MMSG-26355]
Action.c(132): web_url("login-23162286b278bf1e48cb0201c9e9a644.css") was successful, 924 body bytes, 299 header bytes  	[MsgId: MMSG-26386]
Action.c(140): web_add_header("Accept") started  	[MsgId: MMSG-26355]
Action.c(140): web_add_header("Accept") was successful  	[MsgId: MMSG-26392]
Action.c(143): web_url("application-b6b2fa3a918957eb49ac1c12c36b30ec.js") started  	[MsgId: MMSG-26355]
Action.c(143): web_url("application-b6b2fa3a918957eb49ac1c12c36b30ec.js") was successful, 8786 body bytes, 319 header bytes  	[MsgId: MMSG-26386]
Action.c(151): web_add_header("Accept") started  	[MsgId: MMSG-26355]
Action.c(151): web_add_header("Accept") was successful  	[MsgId: MMSG-26392]
Action.c(154): web_url("application-20282e3e3fad9c329f1728b037973a74.css") started  	[MsgId: MMSG-26355]
Action.c(154): web_url("application-20282e3e3fad9c329f1728b037973a74.css") was successful, 133571 body bytes, 308 header bytes  	[MsgId: MMSG-26386]
Action.c(162): web_add_header("X-Goog-Encode-Response-If-Executable") started  	[MsgId: MMSG-26355]
Action.c(162): web_add_header("X-Goog-Encode-Response-If-Executable") was successful  	[MsgId: MMSG-26392]
Action.c(165): web_add_header("X-Goog-Api-Key") started  	[MsgId: MMSG-26355]
Action.c(165): web_add_header("X-Goog-Api-Key") was successful  	[MsgId: MMSG-26392]
Action.c(168): web_add_header("Sec-Fetch-Site") started  	[MsgId: MMSG-26355]
Action.c(168): web_add_header("Sec-Fetch-Site") was successful  	[MsgId: MMSG-26392]
Action.c(171): web_add_header("Sec-Fetch-Mode") started  	[MsgId: MMSG-26355]
Action.c(171): web_add_header("Sec-Fetch-Mode") was successful  	[MsgId: MMSG-26392]
Action.c(174): web_add_header("Sec-Fetch-Dest") started  	[MsgId: MMSG-26355]
Action.c(174): web_add_header("Sec-Fetch-Dest") was successful  	[MsgId: MMSG-26392]
Action.c(178): Notify: Transaction "S01_01_OpenApplication" ended with a "Pass" status (Duration: 6.3458 Wasted Time: 0.3113).
Action.c(182): Notify: Transaction "S01_02_Login" started.
Action.c(184): web_add_header("Accept") started  	[MsgId: MMSG-26355]
Action.c(184): web_add_header("Accept") was successful  	[MsgId: MMSG-26392]
Action.c(187): web_add_header("Cache-Control") started  	[MsgId: MMSG-26355]
Action.c(187): web_add_header("Cache-Control") was successful  	[MsgId: MMSG-26392]
Action.c(190): web_add_header("Origin") started  	[MsgId: MMSG-26355]
Action.c(190): web_add_header("Origin") was successful  	[MsgId: MMSG-26392]
Action.c(193): web_add_header("Upgrade-Insecure-Requests") started  	[MsgId: MMSG-26355]
Action.c(193): web_add_header("Upgrade-Insecure-Requests") was successful  	[MsgId: MMSG-26392]
Action.c(196): web_reg_find started  	[MsgId: MMSG-26355]
Action.c(196): Registering web_reg_find was successful  	[MsgId: MMSG-26390]
Action.c(201): web_reg_save_param_ex started  	[MsgId: MMSG-26355]
Action.c(201): Registering web_reg_save_param_ex was successful  	[MsgId: MMSG-26390]
Action.c(208): web_submit_data("authenticate") started  	[MsgId: MMSG-26355]
Action.c(208): Redirecting "http://10.100.22.24:8181/signal/login/authenticate" (redirection depth is 0)  	[MsgId: MMSG-26694]
Action.c(208): To location "http://10.100.22.24:8181/signal/"  	[MsgId: MMSG-26693]
Action.c(208): Registered web_reg_find successful for "Text=Welcome" (count=1)  	[MsgId: MMSG-26364]
Action.c(208): web_submit_data("authenticate") was successful, 78348 body bytes, 474 header bytes, 85 chunking overhead bytes  	[MsgId: MMSG-26385]
Action.c(221): web_add_header("Accept") started  	[MsgId: MMSG-26355]
Action.c(221): web_add_header("Accept") was successful  	[MsgId: MMSG-26392]
Action.c(224): web_concurrent_start started  	[MsgId: MMSG-26355]
Action.c(224): web_concurrent_start was successful  	[MsgId: MMSG-26392]
Action.c(226): web_url("pvs_508c-fd4a301235dfeff417d96bed64e8429d.css") started  	[MsgId: MMSG-26355]
Action.c(226): Registering web_url("pvs_508c-fd4a301235dfeff417d96bed64e8429d.css") was successful  	[MsgId: MMSG-26390]
Action.c(234): web_add_header("Accept") started  	[MsgId: MMSG-26355]
Action.c(234): web_add_header("Accept") was successful  	[MsgId: MMSG-26392]
Action.c(237): web_url("modernizr.min-23fa28ce275880746945a2305077eebc.js") started  	[MsgId: MMSG-26355]
Action.c(237): Registering web_url("modernizr.min-23fa28ce275880746945a2305077eebc.js") was successful  	[MsgId: MMSG-26390]
Action.c(245): web_add_header("Accept") started  	[MsgId: MMSG-26355]
Action.c(245): web_add_header("Accept") was successful  	[MsgId: MMSG-26392]
Action.c(248): web_url("gridstack.min-82a5fabd01f65ac4b5e87078091be104.css") started  	[MsgId: MMSG-26355]
Action.c(248): Registering web_url("gridstack.min-82a5fabd01f65ac4b5e87078091be104.css") was successful  	[MsgId: MMSG-26390]
Action.c(256): web_add_header("Accept") started  	[MsgId: MMSG-26355]
Action.c(256): web_add_header("Accept") was successful  	[MsgId: MMSG-26392]
Action.c(259): web_url("theme_gradient_blue-82b8663def72c9ceff32d61e0b4a5253.css") started  	[MsgId: MMSG-26355]
Action.c(259): Registering web_url("theme_gradient_blue-82b8663def72c9ceff32d61e0b4a5253.css") was successful  	[MsgId: MMSG-26390]
Action.c(267): web_add_header("Accept") started  	[MsgId: MMSG-26355]
Action.c(267): web_add_header("Accept") was successful  	[MsgId: MMSG-26392]
Action.c(270): web_url("workflowModal-8863a855e0d38b1c16a0b929c87a1eb2.css") started  	[MsgId: MMSG-26355]
Action.c(270): Registering web_url("workflowModal-8863a855e0d38b1c16a0b929c87a1eb2.css") was successful  	[MsgId: MMSG-26390]
Action.c(278): web_add_header("Accept") started  	[MsgId: MMSG-26355]
Action.c(278): web_add_header("Accept") was successful  	[MsgId: MMSG-26392]
Action.c(281): web_url("materialdesignicons-2f254cfdb2b23bcf596ab766574b3675.css") started  	[MsgId: MMSG-26355]
Action.c(281): Registering web_url("materialdesignicons-2f254cfdb2b23bcf596ab766574b3675.css") was successful  	[MsgId: MMSG-26390]
Action.c(289): web_add_header("Accept") started  	[MsgId: MMSG-26355]
Action.c(289): web_add_header("Accept") was successful  	[MsgId: MMSG-26392]
Action.c(292): web_url("dashboard-7d6d721454def651262f344c8062d5e4.css") started  	[MsgId: MMSG-26355]
Action.c(292): Registering web_url("dashboard-7d6d721454def651262f344c8062d5e4.css") was successful  	[MsgId: MMSG-26390]
Action.c(300): web_add_header("Accept") started  	[MsgId: MMSG-26355]
Action.c(300): web_add_header("Accept") was successful  	[MsgId: MMSG-26392]
Action.c(303): web_url("bootstrap-datetimepicker-c0f52e788c9b52855aeb720838b56db9.css") started  	[MsgId: MMSG-26355]
Action.c(303): Registering web_url("bootstrap-datetimepicker-c0f52e788c9b52855aeb720838b56db9.css") was successful  	[MsgId: MMSG-26390]
Action.c(311): web_add_header("Accept") started  	[MsgId: MMSG-26355]
Action.c(311): web_add_header("Accept") was successful  	[MsgId: MMSG-26392]
Action.c(314): web_url("fullcalendar.min-537e31219634a1a50bfc6c265c08a05f.css") started  	[MsgId: MMSG-26355]
Action.c(314): Registering web_url("fullcalendar.min-537e31219634a1a50bfc6c265c08a05f.css") was successful  	[MsgId: MMSG-26390]
Action.c(322): web_add_header("Accept") started  	[MsgId: MMSG-26355]
Action.c(322): web_add_header("Accept") was successful  	[MsgId: MMSG-26392]
Action.c(325): web_url("jquery.i18n-61406922e05804e4abe8c8360ec862fa.js") started  	[MsgId: MMSG-26355]
Action.c(325): Registering web_url("jquery.i18n-61406922e05804e4abe8c8360ec862fa.js") was successful  	[MsgId: MMSG-26390]
Action.c(333): web_add_header("Accept") started  	[MsgId: MMSG-26355]
Action.c(333): web_add_header("Accept") was successful  	[MsgId: MMSG-26392]
Action.c(336): web_url("pvs_app_css-794a4a77a2a4bcc45fa913cd043a5ab3.css") started  	[MsgId: MMSG-26355]
Action.c(336): Registering web_url("pvs_app_css-794a4a77a2a4bcc45fa913cd043a5ab3.css") was successful  	[MsgId: MMSG-26390]
Action.c(344): web_add_header("Accept") started  	[MsgId: MMSG-26355]
Action.c(344): web_add_header("Accept") was successful  	[MsgId: MMSG-26392]
Action.c(347): web_url("underscore.min-e6d41cd714673035a7f8a65c30f3dcb1.js") started  	[MsgId: MMSG-26355]
Action.c(347): Registering web_url("underscore.min-e6d41cd714673035a7f8a65c30f3dcb1.js") was successful  	[MsgId: MMSG-26390]
Action.c(355): web_add_header("Accept") started  	[MsgId: MMSG-26355]
Action.c(355): web_add_header("Accept") was successful  	[MsgId: MMSG-26392]
Action.c(358): web_url("bootstrap.min-3f6aa77f4768de267c35a96028599ce3.js") started  	[MsgId: MMSG-26355]
Action.c(358): Registering web_url("bootstrap.min-3f6aa77f4768de267c35a96028599ce3.js") was successful  	[MsgId: MMSG-26390]
Action.c(366): web_add_header("Accept") started  	[MsgId: MMSG-26355]
Action.c(366): web_add_header("Accept") was successful  	[MsgId: MMSG-26392]
Action.c(369): web_url("momentTimezones-with-data-c15ec3e27a3263556fdbb96b61f9206f.js") started  	[MsgId: MMSG-26355]
Action.c(369): Registering web_url("momentTimezones-with-data-c15ec3e27a3263556fdbb96b61f9206f.js") was successful  	[MsgId: MMSG-26390]
Action.c(377): web_add_header("Accept") started  	[MsgId: MMSG-26355]
Action.c(377): web_add_header("Accept") was successful  	[MsgId: MMSG-26392]
Action.c(380): web_url("moment-434aaa1704890766125108c94efbb50c.js") started  	[MsgId: MMSG-26355]
Action.c(380): Registering web_url("moment-434aaa1704890766125108c94efbb50c.js") was successful  	[MsgId: MMSG-26390]
Action.c(388): web_add_header("Accept") started  	[MsgId: MMSG-26355]
Action.c(388): web_add_header("Accept") was successful  	[MsgId: MMSG-26392]
Action.c(391): web_url("popover.min-a48d28e289c6932042ffa0ab05e7bf68.js") started  	[MsgId: MMSG-26355]
Action.c(391): Registering web_url("popover.min-a48d28e289c6932042ffa0ab05e7bf68.js") was successful  	[MsgId: MMSG-26390]
Action.c(399): web_add_header("Accept") started  	[MsgId: MMSG-26355]
Action.c(399): web_add_header("Accept") was successful  	[MsgId: MMSG-26392]
Action.c(402): web_url("jquery-2.2.4-986b7af813adeaf9e589ef20bcc97bb0.js") started  	[MsgId: MMSG-26355]
Action.c(402): Registering web_url("jquery-2.2.4-986b7af813adeaf9e589ef20bcc97bb0.js") was successful  	[MsgId: MMSG-26390]
Action.c(410): web_add_header("Accept") started  	[MsgId: MMSG-26355]
Action.c(410): web_add_header("Accept") was successful  	[MsgId: MMSG-26392]
Action.c(413): web_url("momentlocales-bd0407faadf015b0c0b0d49b831aeb7b.js") started  	[MsgId: MMSG-26355]
Action.c(413): Registering web_url("momentlocales-bd0407faadf015b0c0b0d49b831aeb7b.js") was successful  	[MsgId: MMSG-26390]
Action.c(421): web_add_header("Accept") started  	[MsgId: MMSG-26355]
Action.c(421): web_add_header("Accept") was successful  	[MsgId: MMSG-26392]
Action.c(424): web_url("dataTables.bootstrap-93e0b2f3576484b422f6e4a29b3e6037.js") started  	[MsgId: MMSG-26355]
Action.c(424): Registering web_url("dataTables.bootstrap-93e0b2f3576484b422f6e4a29b3e6037.js") was successful  	[MsgId: MMSG-26390]
Action.c(432): web_add_header("Accept") started  	[MsgId: MMSG-26355]
Action.c(432): web_add_header("Accept") was successful  	[MsgId: MMSG-26392]
Action.c(435): web_url("select2-911832dffdffb9e7bafb38412a68f445.js") started  	[MsgId: MMSG-26355]
Action.c(435): Registering web_url("select2-911832dffdffb9e7bafb38412a68f445.js") was successful  	[MsgId: MMSG-26390]
Action.c(443): web_add_header("Accept") started  	[MsgId: MMSG-26355]
Action.c(443): web_add_header("Accept") was successful  	[MsgId: MMSG-26392]
Action.c(446): web_url("dataTables.bootstrapPagination-d133da3f3570036f8532207affa78bd9.js") started  	[MsgId: MMSG-26355]
Action.c(446): Registering web_url("dataTables.bootstrapPagination-d133da3f3570036f8532207affa78bd9.js") was successful  	[MsgId: MMSG-26390]
Action.c(454): web_add_header("Accept") started  	[MsgId: MMSG-26355]
Action.c(454): web_add_header("Accept") was successful  	[MsgId: MMSG-26392]
Action.c(457): web_url("fuelux.min-d30fb133a2493fadc38faabf3f226bc4.js") started  	[MsgId: MMSG-26355]
Action.c(457): Registering web_url("fuelux.min-d30fb133a2493fadc38faabf3f226bc4.js") was successful  	[MsgId: MMSG-26390]
Action.c(465): web_add_header("Accept") started  	[MsgId: MMSG-26355]
Action.c(465): web_add_header("Accept") was successful  	[MsgId: MMSG-26392]
Action.c(468): web_url("spinner.min-6f6eab72fd2531bea7514cc0d9830665.js") started  	[MsgId: MMSG-26355]
Action.c(468): Registering web_url("spinner.min-6f6eab72fd2531bea7514cc0d9830665.js") was successful  	[MsgId: MMSG-26390]
Action.c(476): web_add_header("Accept") started  	[MsgId: MMSG-26355]
Action.c(476): web_add_header("Accept") was successful  	[MsgId: MMSG-26392]
Action.c(479): web_url("dataTables.fixedColumns.min-acc90a700b69150380759567188a8cd0.js") started  	[MsgId: MMSG-26355]
Action.c(479): Registering web_url("dataTables.fixedColumns.min-acc90a700b69150380759567188a8cd0.js") was successful  	[MsgId: MMSG-26390]
Action.c(487): web_add_header("Accept") started  	[MsgId: MMSG-26355]
Action.c(487): web_add_header("Accept") was successful  	[MsgId: MMSG-26392]
Action.c(490): web_url("jquery.multi-select2.0-c2649a518d094dac8d3e66aaba1e4501.js") started  	[MsgId: MMSG-26355]
Action.c(490): Registering web_url("jquery.multi-select2.0-c2649a518d094dac8d3e66aaba1e4501.js") was successful  	[MsgId: MMSG-26390]
Action.c(498): web_add_header("Accept") started  	[MsgId: MMSG-26355]
Action.c(498): web_add_header("Accept") was successful  	[MsgId: MMSG-26392]
Action.c(501): web_url("datetime-moment-3fa3fc8eaf60abe3fae2bae2fb4328b0.js") started  	[MsgId: MMSG-26355]
Action.c(501): Registering web_url("datetime-moment-3fa3fc8eaf60abe3fae2bae2fb4328b0.js") was successful  	[MsgId: MMSG-26390]
Action.c(509): web_add_header("Accept") started  	[MsgId: MMSG-26355]
Action.c(509): web_add_header("Accept") was successful  	[MsgId: MMSG-26392]
Action.c(512): web_url("fastclick-c74606809464116f3413064b0e200023.js") started  	[MsgId: MMSG-26355]
Action.c(512): Registering web_url("fastclick-c74606809464116f3413064b0e200023.js") was successful  	[MsgId: MMSG-26390]
Action.c(520): web_add_header("Accept") started  	[MsgId: MMSG-26355]
Action.c(520): web_add_header("Accept") was successful  	[MsgId: MMSG-26392]
Action.c(523): web_url("jquery.dataTables_custom-8dad82f79087bc7c28eeb9b403e756b8.js") started  	[MsgId: MMSG-26355]
Action.c(523): Registering web_url("jquery.dataTables_custom-8dad82f79087bc7c28eeb9b403e756b8.js") was successful  	[MsgId: MMSG-26390]
Action.c(531): web_add_header("Accept") started  	[MsgId: MMSG-26355]
Action.c(531): web_add_header("Accept") was successful  	[MsgId: MMSG-26392]
Action.c(534): web_url("detect-fd56173b9f1574612026ca4bd0f9ce20.js") started  	[MsgId: MMSG-26355]
Action.c(534): Registering web_url("detect-fd56173b9f1574612026ca4bd0f9ce20.js") was successful  	[MsgId: MMSG-26390]
Action.c(542): web_add_header("Accept") started  	[MsgId: MMSG-26355]
Action.c(542): web_add_header("Accept") was successful  	[MsgId: MMSG-26392]
Action.c(545): web_url("wow.min-237e66d720861f3cc99ee444887b7c32.js") started  	[MsgId: MMSG-26355]
Action.c(545): Registering web_url("wow.min-237e66d720861f3cc99ee444887b7c32.js") was successful  	[MsgId: MMSG-26390]
Action.c(553): web_add_header("Accept") started  	[MsgId: MMSG-26355]
Action.c(553): web_add_header("Accept") was successful  	[MsgId: MMSG-26392]
Action.c(556): web_url("jquery-ui.min-b0582f2d27fdc676c34681e0c96aac0c.js") started  	[MsgId: MMSG-26355]
Action.c(556): Registering web_url("jquery-ui.min-b0582f2d27fdc676c34681e0c96aac0c.js") was successful  	[MsgId: MMSG-26390]
Action.c(564): web_add_header("Accept") started  	[MsgId: MMSG-26355]
Action.c(564): web_add_header("Accept") was successful  	[MsgId: MMSG-26392]
Action.c(567): web_url("jquery.slimscroll-6a314b5f0344bf7ef8e1e0c948bb75f9.js") started  	[MsgId: MMSG-26355]
Action.c(567): Registering web_url("jquery.slimscroll-6a314b5f0344bf7ef8e1e0c948bb75f9.js") was successful  	[MsgId: MMSG-26390]
Action.c(575): web_add_header("Accept") started  	[MsgId: MMSG-26355]
Action.c(575): web_add_header("Accept") was successful  	[MsgId: MMSG-26392]
Action.c(578): web_url("jquery.blockUI-7aa9ac8e34d97a945dbf467d99fda834.js") started  	[MsgId: MMSG-26355]
Action.c(578): Registering web_url("jquery.blockUI-7aa9ac8e34d97a945dbf467d99fda834.js") was successful  	[MsgId: MMSG-26390]
Action.c(586): web_add_header("Accept") started  	[MsgId: MMSG-26355]
Action.c(586): web_add_header("Accept") was successful  	[MsgId: MMSG-26392]
Action.c(589): web_url("jquery.scrollTo.min-240b8d54661c5e0500b96b9594d60b62.js") started  	[MsgId: MMSG-26355]
Action.c(589): Registering web_url("jquery.scrollTo.min-240b8d54661c5e0500b96b9594d60b62.js") was successful  	[MsgId: MMSG-26390]
Action.c(597): web_add_header("Accept") started  	[MsgId: MMSG-26355]
Action.c(597): web_add_header("Accept") was successful  	[MsgId: MMSG-26392]
Action.c(600): web_url("notify.min-1dba61fec15a5d71814b2c2cb69f65bf.js") started  	[MsgId: MMSG-26355]
Action.c(600): Registering web_url("notify.min-1dba61fec15a5d71814b2c2cb69f65bf.js") was successful  	[MsgId: MMSG-26390]
Action.c(608): web_add_header("Accept") started  	[MsgId: MMSG-26355]
Action.c(608): web_add_header("Accept") was successful  	[MsgId: MMSG-26392]
Action.c(611): web_url("jquery.nicescroll-09e3ca9889499cfb15271ad8dc51f842.js") started  	[MsgId: MMSG-26355]
Action.c(611): Registering web_url("jquery.nicescroll-09e3ca9889499cfb15271ad8dc51f842.js") was successful  	[MsgId: MMSG-26390]
Action.c(619): web_add_header("Accept") started  	[MsgId: MMSG-26355]
Action.c(619): web_add_header("Accept") was successful  	[MsgId: MMSG-26392]
Action.c(622): web_url("notify-metro-9a1cf25a956b601aedd486c779986df7.js") started  	[MsgId: MMSG-26355]
Action.c(622): Registering web_url("notify-metro-9a1cf25a956b601aedd486c779986df7.js") was successful  	[MsgId: MMSG-26390]
Action.c(630): web_add_header("Accept") started  	[MsgId: MMSG-26355]
Action.c(630): web_add_header("Accept") was successful  	[MsgId: MMSG-26392]
Action.c(633): web_url("sweet-alert.min-792598f1e6bac9b4f7cc6f060ae6b454.js") started  	[MsgId: MMSG-26355]
Action.c(633): Registering web_url("sweet-alert.min-792598f1e6bac9b4f7cc6f060ae6b454.js") was successful  	[MsgId: MMSG-26390]
Action.c(641): web_add_header("Accept") started  	[MsgId: MMSG-26355]
Action.c(641): web_add_header("Accept") was successful  	[MsgId: MMSG-26392]
Action.c(644): web_url("rx-notify-db0528274130516c271389cccac65e17.js") started  	[MsgId: MMSG-26355]
Action.c(644): Registering web_url("rx-notify-db0528274130516c271389cccac65e17.js") was successful  	[MsgId: MMSG-26390]
Action.c(652): web_add_header("Accept") started  	[MsgId: MMSG-26355]
Action.c(652): web_add_header("Accept") was successful  	[MsgId: MMSG-26392]
Action.c(655): web_url("bootstrap-uploader-265e387a3ec58973abdfae04a79862b2.js") started  	[MsgId: MMSG-26355]
Action.c(655): Registering web_url("bootstrap-uploader-265e387a3ec58973abdfae04a79862b2.js") was successful  	[MsgId: MMSG-26390]
Action.c(663): web_add_header("Accept") started  	[MsgId: MMSG-26355]
Action.c(663): web_add_header("Accept") was successful  	[MsgId: MMSG-26392]
Action.c(666): web_url("application-20282e3e3fad9c329f1728b037973a74.css_2") started  	[MsgId: MMSG-26355]
Action.c(666): Resource "http://10.100.22.24:8181/signal/assets/application-20282e3e3fad9c329f1728b037973a74.css" is in the cache already and will not be downloaded again  	[MsgId: MMSG-26655]
Action.c(674): web_add_header("Accept") started  	[MsgId: MMSG-26355]
Action.c(674): Warning -26592: A header of the same name has been added already. This header is added anyway.  	[MsgId: MWAR-26592]
Action.c(674): web_add_header("Accept") highest severity level was "warning"  	[MsgId: MMSG-26391]
Action.c(677): web_url("jquery.counterup.min-86f52f47d4c325261bf7d36b09dcf216.js") started  	[MsgId: MMSG-26355]
Action.c(677): Registering web_url("jquery.counterup.min-86f52f47d4c325261bf7d36b09dcf216.js") was successful  	[MsgId: MMSG-26390]
Action.c(685): web_add_header("Accept") started  	[MsgId: MMSG-26355]
Action.c(685): web_add_header("Accept") was successful  	[MsgId: MMSG-26392]
Action.c(688): web_url("jquery.waypoints.min-4471999ef1b83a94d41d3cebb887c349.js") started  	[MsgId: MMSG-26355]
Action.c(688): Registering web_url("jquery.waypoints.min-4471999ef1b83a94d41d3cebb887c349.js") was successful  	[MsgId: MMSG-26390]
Action.c(696): web_add_header("Accept") started  	[MsgId: MMSG-26355]
Action.c(696): web_add_header("Accept") was successful  	[MsgId: MMSG-26392]
Action.c(699): web_url("jquery.ba-throttle-debounce-876f6988f0a240fd9c49f09c5d71b994.js") started  	[MsgId: MMSG-26355]
Action.c(699): Registering web_url("jquery.ba-throttle-debounce-876f6988f0a240fd9c49f09c5d71b994.js") was successful  	[MsgId: MMSG-26390]
Action.c(707): web_add_header("Accept") started  	[MsgId: MMSG-26355]
Action.c(707): web_add_header("Accept") was successful  	[MsgId: MMSG-26392]
Action.c(710): web_url("bootstrap-switch-732d14990dba7f4fff6b5b441177c905.js") started  	[MsgId: MMSG-26355]
Action.c(710): Registering web_url("bootstrap-switch-732d14990dba7f4fff6b5b441177c905.js") was successful  	[MsgId: MMSG-26390]
Action.c(718): web_add_header("Accept") started  	[MsgId: MMSG-26355]
Action.c(718): web_add_header("Accept") was successful  	[MsgId: MMSG-26392]
Action.c(721): web_url("jquery.core-2f63ea2ce21973031b9685e36eba0731.js") started  	[MsgId: MMSG-26355]
Action.c(721): Registering web_url("jquery.core-2f63ea2ce21973031b9685e36eba0731.js") was successful  	[MsgId: MMSG-26390]
Action.c(729): web_add_header("Accept") started  	[MsgId: MMSG-26355]
Action.c(729): web_add_header("Accept") was successful  	[MsgId: MMSG-26392]
Action.c(732): web_url("buttons.bootstrap-acac51d5cf162bd14f44ad66a6f275f5.js") started  	[MsgId: MMSG-26355]
Action.c(732): Registering web_url("buttons.bootstrap-acac51d5cf162bd14f44ad66a6f275f5.js") was successful  	[MsgId: MMSG-26390]
Action.c(740): web_add_header("Accept") started  	[MsgId: MMSG-26355]
Action.c(740): web_add_header("Accept") was successful  	[MsgId: MMSG-26392]
Action.c(743): web_url("dataTables.buttons.min-99ef2a29fc5b51a6f8f392977c2e34b1.js") started  	[MsgId: MMSG-26355]
Action.c(743): Registering web_url("dataTables.buttons.min-99ef2a29fc5b51a6f8f392977c2e34b1.js") was successful  	[MsgId: MMSG-26390]
Action.c(751): web_add_header("Accept") started  	[MsgId: MMSG-26355]
Action.c(751): web_add_header("Accept") was successful  	[MsgId: MMSG-26392]
Action.c(754): web_url("handlebars-v4.0.5-8ad4263f81c714ada4985affb687f12b.js") started  	[MsgId: MMSG-26355]
Action.c(754): Registering web_url("handlebars-v4.0.5-8ad4263f81c714ada4985affb687f12b.js") was successful  	[MsgId: MMSG-26390]
Action.c(762): web_add_header("Accept") started  	[MsgId: MMSG-26355]
Action.c(762): web_add_header("Accept") was successful  	[MsgId: MMSG-26392]
Action.c(765): web_url("rxTitleOptions-1279146f661735d9e94cde274342b25c.js") started  	[MsgId: MMSG-26355]
Action.c(765): Registering web_url("rxTitleOptions-1279146f661735d9e94cde274342b25c.js") was successful  	[MsgId: MMSG-26390]
Action.c(773): web_add_header("Accept") started  	[MsgId: MMSG-26355]
Action.c(773): web_add_header("Accept") was successful  	[MsgId: MMSG-26392]
Action.c(776): web_url("webcomponents-lite-c806470ac3182eedbb9de677fde922de.js") started  	[MsgId: MMSG-26355]
Action.c(776): Registering web_url("webcomponents-lite-c806470ac3182eedbb9de677fde922de.js") was successful  	[MsgId: MMSG-26390]
Action.c(784): web_add_header("Accept") started  	[MsgId: MMSG-26355]
Action.c(784): web_add_header("Accept") was successful  	[MsgId: MMSG-26392]
Action.c(787): web_url("bootstrap-multiselect-7b500966794478e2792eea0659e0aa96.js") started  	[MsgId: MMSG-26355]
Action.c(787): Registering web_url("bootstrap-multiselect-7b500966794478e2792eea0659e0aa96.js") was successful  	[MsgId: MMSG-26390]
Action.c(795): web_add_header("Accept") started  	[MsgId: MMSG-26355]
Action.c(795): web_add_header("Accept") was successful  	[MsgId: MMSG-26392]
Action.c(798): web_url("menu-e9f9c79de11e89cfb0d2f7ae1cd80554.js") started  	[MsgId: MMSG-26355]
Action.c(798): Registering web_url("menu-e9f9c79de11e89cfb0d2f7ae1cd80554.js") was successful  	[MsgId: MMSG-26390]
Action.c(806): web_add_header("Accept") started  	[MsgId: MMSG-26355]
Action.c(806): web_add_header("Accept") was successful  	[MsgId: MMSG-26392]
Action.c(809): web_url("pvs_app_widget-ec77f7e909db8bab59e572285b1c3389.js") started  	[MsgId: MMSG-26355]
Action.c(809): Registering web_url("pvs_app_widget-ec77f7e909db8bab59e572285b1c3389.js") was successful  	[MsgId: MMSG-26390]
Action.c(817): web_add_header("Accept") started  	[MsgId: MMSG-26355]
Action.c(817): web_add_header("Accept") was successful  	[MsgId: MMSG-26392]
Action.c(820): web_url("userGroupSelect-7f7d244cad34902e9681267c696c1bed.js") started  	[MsgId: MMSG-26355]
Action.c(820): Registering web_url("userGroupSelect-7f7d244cad34902e9681267c696c1bed.js") was successful  	[MsgId: MMSG-26390]
Action.c(828): web_add_header("Accept") started  	[MsgId: MMSG-26355]
Action.c(828): web_add_header("Accept") was successful  	[MsgId: MMSG-26392]
Action.c(831): web_url("actions-c6db5fb63baee4c159b9e783821b2058.js") started  	[MsgId: MMSG-26355]
Action.c(831): Registering web_url("actions-c6db5fb63baee4c159b9e783821b2058.js") was successful  	[MsgId: MMSG-26390]
Action.c(839): web_add_header("Accept") started  	[MsgId: MMSG-26355]
Action.c(839): web_add_header("Accept") was successful  	[MsgId: MMSG-26392]
Action.c(842): web_url("dashboardWidget-24248f37a4de46fe75c68afd1bc9dca6.js") started  	[MsgId: MMSG-26355]
Action.c(842): Registering web_url("dashboardWidget-24248f37a4de46fe75c68afd1bc9dca6.js") was successful  	[MsgId: MMSG-26390]
Action.c(850): web_add_header("Accept") started  	[MsgId: MMSG-26355]
Action.c(850): web_add_header("Accept") was successful  	[MsgId: MMSG-26392]
Action.c(853): web_url("waves-2d20efe8b7228bbc963944ac22c9667c.js") started  	[MsgId: MMSG-26355]
Action.c(853): Registering web_url("waves-2d20efe8b7228bbc963944ac22c9667c.js") was successful  	[MsgId: MMSG-26390]
Action.c(861): web_add_header("Accept") started  	[MsgId: MMSG-26355]
Action.c(861): web_add_header("Accept") was successful  	[MsgId: MMSG-26392]
Action.c(864): web_url("no-data-to-display-fc44762af3aab44deb8317659be156a6.js") started  	[MsgId: MMSG-26355]
Action.c(864): Registering web_url("no-data-to-display-fc44762af3aab44deb8317659be156a6.js") was successful  	[MsgId: MMSG-26390]
Action.c(872): web_add_header("Accept") started  	[MsgId: MMSG-26355]
Action.c(872): web_add_header("Accept") was successful  	[MsgId: MMSG-26392]
Action.c(875): web_url("gridstack.jQueryUI.min-4850183e36adcd62a4e2c741ae857fc4.js") started  	[MsgId: MMSG-26355]
Action.c(875): Registering web_url("gridstack.jQueryUI.min-4850183e36adcd62a4e2c741ae857fc4.js") was successful  	[MsgId: MMSG-26390]
Action.c(883): web_add_header("Accept") started  	[MsgId: MMSG-26355]
Action.c(883): web_add_header("Accept") was successful  	[MsgId: MMSG-26392]
Action.c(886): web_url("bootstrap-datetimepicker-5aa81b54c1dd973165b56d66567b57d6.js") started  	[MsgId: MMSG-26355]
Action.c(886): Registering web_url("bootstrap-datetimepicker-5aa81b54c1dd973165b56d66567b57d6.js") was successful  	[MsgId: MMSG-26390]
Action.c(894): web_add_header("Accept") started  	[MsgId: MMSG-26355]
Action.c(894): web_add_header("Accept") was successful  	[MsgId: MMSG-26392]
Action.c(897): web_url("spring-websocket-867783f03d5a8005372950a4b8cac2a4.js") started  	[MsgId: MMSG-26355]
Action.c(897): Registering web_url("spring-websocket-867783f03d5a8005372950a4b8cac2a4.js") was successful  	[MsgId: MMSG-26390]
Action.c(905): web_add_header("Accept") started  	[MsgId: MMSG-26355]
Action.c(905): web_add_header("Accept") was successful  	[MsgId: MMSG-26392]
Action.c(908): web_url("gridstack.min-8243969940fd3f8d9a2116948054084f.js") started  	[MsgId: MMSG-26355]
Action.c(908): Registering web_url("gridstack.min-8243969940fd3f8d9a2116948054084f.js") was successful  	[MsgId: MMSG-26390]
Action.c(916): web_add_header("Accept") started  	[MsgId: MMSG-26355]
Action.c(916): web_add_header("Accept") was successful  	[MsgId: MMSG-26392]
Action.c(919): web_url("fullcalendar.min-eadac4139211e13292deb9473e638d45.js") started  	[MsgId: MMSG-26355]
Action.c(919): Registering web_url("fullcalendar.min-eadac4139211e13292deb9473e638d45.js") was successful  	[MsgId: MMSG-26390]
Action.c(927): web_add_header("Accept") started  	[MsgId: MMSG-26355]
Action.c(927): web_add_header("Accept") was successful  	[MsgId: MMSG-26392]
Action.c(930): web_url("dashboard-1b86cbebab89d1a42ae9eebe0fa883ad.js") started  	[MsgId: MMSG-26355]
Action.c(930): Registering web_url("dashboard-1b86cbebab89d1a42ae9eebe0fa883ad.js") was successful  	[MsgId: MMSG-26390]
Action.c(938): web_add_header("Accept") started  	[MsgId: MMSG-26355]
Action.c(938): web_add_header("Accept") was successful  	[MsgId: MMSG-26392]
Action.c(941): web_url("pushNotification-308cfd70b62333c52f5193fb7eaaafe6.js") started  	[MsgId: MMSG-26355]
Action.c(941): Registering web_url("pushNotification-308cfd70b62333c52f5193fb7eaaafe6.js") was successful  	[MsgId: MMSG-26390]
Action.c(949): web_add_header("Accept") started  	[MsgId: MMSG-26355]
Action.c(949): web_add_header("Accept") was successful  	[MsgId: MMSG-26392]
Action.c(952): web_url("calendar-4d078ca93abd6a53a6f9c1bf8f79cd54.js") started  	[MsgId: MMSG-26355]
Action.c(952): Registering web_url("calendar-4d078ca93abd6a53a6f9c1bf8f79cd54.js") was successful  	[MsgId: MMSG-26390]
Action.c(960): web_concurrent_end started  	[MsgId: MMSG-26355]
Action.c(960): web_concurrent_end was successful, 709736 body bytes, 22203 header bytes  	[MsgId: MMSG-26386]
Action.c(962): web_add_header("Accept") started  	[MsgId: MMSG-26355]
Action.c(962): web_add_header("Accept") was successful  	[MsgId: MMSG-26392]
Action.c(965): web_add_header("X-Requested-With") started  	[MsgId: MMSG-26355]
Action.c(965): web_add_header("X-Requested-With") was successful  	[MsgId: MMSG-26392]
Action.c(968): web_url("date_picker_template.hbs") started  	[MsgId: MMSG-26355]
Action.c(968): web_url("date_picker_template.hbs") was successful, 780 body bytes, 298 header bytes  	[MsgId: MMSG-26386]
Action.c(975): web_remove_auto_header("Accept-Language") started  	[MsgId: MMSG-26355]
Action.c(975): Previous automatically added web header for "Accept-Language" removed  	[MsgId: MMSG-26587]
Action.c(975): web_remove/revert_auto_header("Accept-Language") was successful  	[MsgId: MMSG-26392]
Action.c(977): web_add_auto_header("Accept-Encoding") started  	[MsgId: MMSG-26355]
Action.c(977): web_add_auto_header("Accept-Encoding") was successful  	[MsgId: MMSG-26392]
Action.c(980): web_add_header("Sec-Fetch-Dest") started  	[MsgId: MMSG-26355]
Action.c(980): web_add_header("Sec-Fetch-Dest") was successful  	[MsgId: MMSG-26392]
Action.c(983): web_add_header("Sec-Fetch-Mode") started  	[MsgId: MMSG-26355]
Action.c(983): web_add_header("Sec-Fetch-Mode") was successful  	[MsgId: MMSG-26392]
Action.c(986): web_add_header("Sec-Fetch-Site") started  	[MsgId: MMSG-26355]
Action.c(986): web_add_header("Sec-Fetch-Site") was successful  	[MsgId: MMSG-26392]
Action.c(989): web_add_header("X-Goog-Update-AppId") started  	[MsgId: MMSG-26355]
Action.c(989): web_add_header("X-Goog-Update-AppId") was successful  	[MsgId: MMSG-26392]
Action.c(993): web_add_header("X-Goog-Update-Interactivity") started  	[MsgId: MMSG-26355]
Action.c(993): web_add_header("X-Goog-Update-Interactivity") was successful  	[MsgId: MMSG-26392]
Action.c(996): web_add_header("X-Goog-Update-Updater") started  	[MsgId: MMSG-26355]
Action.c(996): web_add_header("X-Goog-Update-Updater") was successful  	[MsgId: MMSG-26392]
Action.c(1000): web_add_header("Accept") started  	[MsgId: MMSG-26355]
Action.c(1000): web_add_header("Accept") was successful  	[MsgId: MMSG-26392]
Action.c(1003): web_add_auto_header("Accept-Encoding") started  	[MsgId: MMSG-26355]
Action.c(1003): web_add_auto_header("Accept-Encoding") was successful  	[MsgId: MMSG-26392]
Action.c(1006): web_add_auto_header("Accept-Language") started  	[MsgId: MMSG-26355]
Action.c(1006): web_add_auto_header("Accept-Language") was successful  	[MsgId: MMSG-26392]
Action.c(1009): web_url("fullcalendar.print-b8f18e9775afba153b4abfbc5f9baaf6.css") started  	[MsgId: MMSG-26355]
Action.c(1009): web_url("fullcalendar.print-b8f18e9775afba153b4abfbc5f9baaf6.css") was successful, 573 body bytes, 321 header bytes  	[MsgId: MMSG-26386]
Action.c(1017): web_add_auto_header("Accept") started  	[MsgId: MMSG-26355]
Action.c(1017): web_add_auto_header("Accept") was successful  	[MsgId: MMSG-26392]
Action.c(1020): web_url("jquery.app-9af4130ef9d8c98c078b99d2cddad130.js") started  	[MsgId: MMSG-26355]
Action.c(1020): web_url("jquery.app-9af4130ef9d8c98c078b99d2cddad130.js") was successful, 2079 body bytes, 322 header bytes  	[MsgId: MMSG-26386]
Action.c(1028): web_url("rx_common-3bec52fd16a226d99e60fd80372c8c05.js") started  	[MsgId: MMSG-26355]
Action.c(1028): web_url("rx_common-3bec52fd16a226d99e60fd80372c8c05.js") was successful, 2423 body bytes, 332 header bytes  	[MsgId: MMSG-26386]
Action.c(1036): web_url("jquery.core-9088768891f7d43af5ab8c8d642e5301.js") started  	[MsgId: MMSG-26355]
Action.c(1036): web_url("jquery.core-9088768891f7d43af5ab8c8d642e5301.js") was successful, 1398 body bytes, 323 header bytes  	[MsgId: MMSG-26386]
Action.c(1044): web_add_auto_header("X-Requested-With") started  	[MsgId: MMSG-26355]
Action.c(1044): web_add_auto_header("X-Requested-With") was successful  	[MsgId: MMSG-26392]
Action.c(1047): web_add_auto_header("Accept") started  	[MsgId: MMSG-26355]
Action.c(1047): web_add_auto_header("Accept") was successful  	[MsgId: MMSG-26392]
Action.c(1050): web_url("en.json") started  	[MsgId: MMSG-26355]
Action.c(1050): web_url("en.json") was successful, 3106 body bytes, 311 header bytes  	[MsgId: MMSG-26386]
Action.c(1059): web_concurrent_start started  	[MsgId: MMSG-26355]
Action.c(1059): web_concurrent_start was successful  	[MsgId: MMSG-26392]
Action.c(1061): web_url("dashboard_widget.hbs") started  	[MsgId: MMSG-26355]
Action.c(1061): Registering web_url("dashboard_widget.hbs") was successful  	[MsgId: MMSG-26390]
Action.c(1068): web_add_header("X-Goog-Encode-Response-If-Executable") started  	[MsgId: MMSG-26355]
Action.c(1068): web_add_header("X-Goog-Encode-Response-If-Executable") was successful  	[MsgId: MMSG-26392]
Action.c(1071): web_add_header("X-Goog-Api-Key") started  	[MsgId: MMSG-26355]
Action.c(1071): web_add_header("X-Goog-Api-Key") was successful  	[MsgId: MMSG-26392]
Action.c(1074): web_add_header("Sec-Fetch-Site") started  	[MsgId: MMSG-26355]
Action.c(1074): web_add_header("Sec-Fetch-Site") was successful  	[MsgId: MMSG-26392]
Action.c(1077): web_add_header("Sec-Fetch-Mode") started  	[MsgId: MMSG-26355]
Action.c(1077): web_add_header("Sec-Fetch-Mode") was successful  	[MsgId: MMSG-26392]
Action.c(1080): web_add_header("Sec-Fetch-Dest") started  	[MsgId: MMSG-26355]
Action.c(1080): web_add_header("Sec-Fetch-Dest") was successful  	[MsgId: MMSG-26392]
Action.c(1085): web_concurrent_end started  	[MsgId: MMSG-26355]
Action.c(1085): web_concurrent_end was successful, 1246 body bytes, 295 header bytes  	[MsgId: MMSG-26386]
Action.c(1087): web_add_auto_header("Accept") started  	[MsgId: MMSG-26355]
Action.c(1087): web_add_auto_header("Accept") was successful  	[MsgId: MMSG-26392]
Action.c(1090): web_url("sideBar") started  	[MsgId: MMSG-26355]
Action.c(1090): web_url("sideBar") was successful, 78 body bytes, 256 header bytes, 11 chunking overhead bytes  	[MsgId: MMSG-26385]
Action.c(1099): web_url("caseByStatus") started  	[MsgId: MMSG-26355]
Action.c(1099): web_url("caseByStatus") was successful, 15 body bytes, 256 header bytes, 10 chunking overhead bytes  	[MsgId: MMSG-26385]
Action.c(1108): web_url("aggAlertByStatus") started  	[MsgId: MMSG-26355]
Action.c(1108): web_url("aggAlertByStatus") was successful, 2 body bytes, 256 header bytes, 10 chunking overhead bytes  	[MsgId: MMSG-26385]
Action.c(1117): web_url("ahaByStatus") started  	[MsgId: MMSG-26355]
Action.c(1117): web_url("ahaByStatus") was successful, 2 body bytes, 256 header bytes, 10 chunking overhead bytes  	[MsgId: MMSG-26385]
Action.c(1126): web_url("alertByDueDate") started  	[MsgId: MMSG-26355]
Action.c(1126): web_url("alertByDueDate") was successful, 146 body bytes, 256 header bytes, 11 chunking overhead bytes  	[MsgId: MMSG-26385]
Action.c(1135): web_url("getProductByStatus") started  	[MsgId: MMSG-26355]
Action.c(1135): web_url("getProductByStatus") was successful, 2366 body bytes, 256 header bytes, 12 chunking overhead bytes  	[MsgId: MMSG-26385]
Action.c(1153): web_url("getProductByStatus_2") started  	[MsgId: MMSG-26355]
Action.c(1153): web_url("getProductByStatus_2") was successful, 36 body bytes, 256 header bytes, 11 chunking overhead bytes  	[MsgId: MMSG-26385]
Action.c(1162): web_add_header("Origin") started  	[MsgId: MMSG-26355]
Action.c(1162): web_add_header("Origin") was successful  	[MsgId: MMSG-26392]
Action.c(1165): web_url("OpenSans-Regular-55835483c304eaa8477fea2c36abba17.woff2") started  	[MsgId: MMSG-26355]
Action.c(1165): web_url("OpenSans-Regular-55835483c304eaa8477fea2c36abba17.woff2") was successful, 47049 body bytes, 316 header bytes  	[MsgId: MMSG-26386]
Action.c(1173): web_remove_auto_header("X-Requested-With") started  	[MsgId: MMSG-26355]
Action.c(1173): Previous automatically added web header for "X-Requested-With" removed  	[MsgId: MMSG-26587]
Action.c(1173): web_remove/revert_auto_header("X-Requested-With") was successful  	[MsgId: MMSG-26392]
Action.c(1184): web_add_auto_header("Accept") started  	[MsgId: MMSG-26355]
Action.c(1184): web_add_auto_header("Accept") was successful  	[MsgId: MMSG-26392]
Action.c(1187): web_add_header("Origin") started  	[MsgId: MMSG-26355]
Action.c(1187): web_add_header("Origin") was successful  	[MsgId: MMSG-26392]
Action.c(1190): web_add_header("X-CSRF-TOKEN") started  	[MsgId: MMSG-26355]
Action.c(1190): web_add_header("X-CSRF-TOKEN") was successful  	[MsgId: MMSG-26392]
Action.c(1193): web_add_auto_header("X-Requested-With") started  	[MsgId: MMSG-26355]
Action.c(1193): web_add_auto_header("X-Requested-With") was successful  	[MsgId: MMSG-26392]
Action.c(1196): web_submit_data("events") started  	[MsgId: MMSG-26355]
Action.c(1196): web_submit_data("events") was successful, 191 body bytes, 256 header bytes, 11 chunking overhead bytes  	[MsgId: MMSG-26385]
Action.c(1208): web_url("alertList") started  	[MsgId: MMSG-26355]
Action.c(1208): web_url("alertList") was successful, 3941 body bytes, 256 header bytes, 12 chunking overhead bytes  	[MsgId: MMSG-26385]
Action.c(1217): web_add_header("Origin") started  	[MsgId: MMSG-26355]
Action.c(1217): web_add_header("Origin") was successful  	[MsgId: MMSG-26392]
Action.c(1220): web_url("glyphicons-halflings-regular-448c34a56d699c29117adc64c43affeb.woff2") started  	[MsgId: MMSG-26355]
Action.c(1220): web_url("glyphicons-halflings-regular-448c34a56d699c29117adc64c43affeb.woff2") was successful, 18056 body bytes, 328 header bytes  	[MsgId: MMSG-26386]
Action.c(1228): web_url("signalList") started  	[MsgId: MMSG-26355]
Action.c(1228): web_url("signalList") was successful, 417 body bytes, 256 header bytes, 12 chunking overhead bytes  	[MsgId: MMSG-26385]
Action.c(1237): web_remove_auto_header("Accept") started  	[MsgId: MMSG-26355]
Action.c(1237): Previous automatically added web header for "Accept" removed  	[MsgId: MMSG-26587]
Action.c(1237): web_remove/revert_auto_header("Accept") was successful  	[MsgId: MMSG-26392]
Action.c(1239): web_remove_auto_header("X-Requested-With") started  	[MsgId: MMSG-26355]
Action.c(1239): Previous automatically added web header for "X-Requested-With" removed  	[MsgId: MMSG-26587]
Action.c(1239): web_remove/revert_auto_header("X-Requested-With") was successful  	[MsgId: MMSG-26392]
Action.c(1241): web_add_header("Cache-Control") started  	[MsgId: MMSG-26355]
Action.c(1241): web_add_header("Cache-Control") was successful  	[MsgId: MMSG-26392]
Action.c(1244): web_add_header("Pragma") started  	[MsgId: MMSG-26355]
Action.c(1244): web_add_header("Pragma") was successful  	[MsgId: MMSG-26392]
Action.c(1247): web_add_header("Upgrade") started  	[MsgId: MMSG-26355]
Action.c(1247): web_add_header("Upgrade") was successful  	[MsgId: MMSG-26392]
Action.c(1258): web_add_header("Accept") started  	[MsgId: MMSG-26355]
Action.c(1258): web_add_header("Accept") was successful  	[MsgId: MMSG-26392]
Action.c(1261): web_add_auto_header("X-Requested-With") started  	[MsgId: MMSG-26355]
Action.c(1261): web_add_auto_header("X-Requested-With") was successful  	[MsgId: MMSG-26392]
Action.c(1264): web_url("actionList") started  	[MsgId: MMSG-26355]
Action.c(1264): web_url("actionList") was successful, 1493 body bytes, 256 header bytes, 12 chunking overhead bytes  	[MsgId: MMSG-26385]
Action.c(1273): web_add_header("Accept") started  	[MsgId: MMSG-26355]
Action.c(1273): web_add_header("Accept") was successful  	[MsgId: MMSG-26392]
Action.c(1276): web_concurrent_start started  	[MsgId: MMSG-26355]
Action.c(1276): web_concurrent_start was successful  	[MsgId: MMSG-26392]
Action.c(1278): web_url("Material-Design-Iconic-Font-a2a1ba89e7f9d29f7d5aee76e8b9f7ab.woff") started  	[MsgId: MMSG-26355]
Action.c(1278): Registering web_url("Material-Design-Iconic-Font-a2a1ba89e7f9d29f7d5aee76e8b9f7ab.woff") was successful  	[MsgId: MMSG-26390]
Action.c(1286): web_add_header("Accept") started  	[MsgId: MMSG-26355]
Action.c(1286): web_add_header("Accept") was successful  	[MsgId: MMSG-26392]
Action.c(1289): web_url("fontawesome-webfont-af7ae505a9eed503f8b8e6982036873e.woff2") started  	[MsgId: MMSG-26355]
Action.c(1289): Registering web_url("fontawesome-webfont-af7ae505a9eed503f8b8e6982036873e.woff2") was successful  	[MsgId: MMSG-26390]
Action.c(1297): web_add_header("Accept") started  	[MsgId: MMSG-26355]
Action.c(1297): web_add_header("Accept") was successful  	[MsgId: MMSG-26392]
Action.c(1300): web_url("materialdesignicons-webfont-d1bdfb3838e2f78edf1ede85f56eabc9.woff2") started  	[MsgId: MMSG-26355]
Action.c(1300): Registering web_url("materialdesignicons-webfont-d1bdfb3838e2f78edf1ede85f56eabc9.woff2") was successful  	[MsgId: MMSG-26390]
Action.c(1308): web_concurrent_end started  	[MsgId: MMSG-26355]
Action.c(1308): web_concurrent_end was successful, 295361 body bytes, 988 header bytes  	[MsgId: MMSG-26386]
Action.c(1310): web_add_header("Accept") started  	[MsgId: MMSG-26355]
Action.c(1310): web_add_header("Accept") was successful  	[MsgId: MMSG-26392]
Action.c(1322): Notify: Transaction "S01_02_Login" ended with a "Pass" status (Duration: 29.7773 Wasted Time: 0.5098).
Action.c(1326): Notify: Transaction "S01_03_NavigateTriggeredAlertsQualitativeReview" started.
Action.c(1328): web_remove_auto_header("Accept-Language") started  	[MsgId: MMSG-26355]
Action.c(1328): Previous automatically added web header for "Accept-Language" removed  	[MsgId: MMSG-26587]
Action.c(1328): web_remove/revert_auto_header("Accept-Language") was successful  	[MsgId: MMSG-26392]
Action.c(1330): web_remove_auto_header("X-Requested-With") started  	[MsgId: MMSG-26355]
Action.c(1330): Previous automatically added web header for "X-Requested-With" removed  	[MsgId: MMSG-26587]
Action.c(1330): web_remove/revert_auto_header("X-Requested-With") was successful  	[MsgId: MMSG-26392]
Action.c(1332): web_add_auto_header("Accept-Encoding") started  	[MsgId: MMSG-26355]
Action.c(1332): web_add_auto_header("Accept-Encoding") was successful  	[MsgId: MMSG-26392]
Action.c(1335): web_add_header("Sec-Fetch-Dest") started  	[MsgId: MMSG-26355]
Action.c(1335): web_add_header("Sec-Fetch-Dest") was successful  	[MsgId: MMSG-26392]
Action.c(1338): web_add_header("Sec-Fetch-Mode") started  	[MsgId: MMSG-26355]
Action.c(1338): web_add_header("Sec-Fetch-Mode") was successful  	[MsgId: MMSG-26392]
Action.c(1341): web_add_header("Sec-Fetch-Site") started  	[MsgId: MMSG-26355]
Action.c(1341): web_add_header("Sec-Fetch-Site") was successful  	[MsgId: MMSG-26392]
Action.c(1344): web_add_header("Accept") started  	[MsgId: MMSG-26355]
Action.c(1344): Warning -26592: A header of the same name has been added already. This header is added anyway.  	[MsgId: MWAR-26592]
Action.c(1344): web_add_header("Accept") highest severity level was "warning"  	[MsgId: MMSG-26391]
Action.c(1347): web_add_auto_header("Accept-Encoding") started  	[MsgId: MMSG-26355]
Action.c(1347): web_add_auto_header("Accept-Encoding") was successful  	[MsgId: MMSG-26392]
Action.c(1350): web_add_auto_header("Accept-Language") started  	[MsgId: MMSG-26355]
Action.c(1350): web_add_auto_header("Accept-Language") was successful  	[MsgId: MMSG-26392]
Action.c(1353): web_add_header("X-CSRF-TOKEN") started  	[MsgId: MMSG-26355]
Action.c(1353): web_add_header("X-CSRF-TOKEN") was successful  	[MsgId: MMSG-26392]
Action.c(1356): web_add_header("X-Requested-With") started  	[MsgId: MMSG-26355]
Action.c(1356): web_add_header("X-Requested-With") was successful  	[MsgId: MMSG-26392]
Action.c(1359): web_submit_data("saveDashboardConfig") started  	[MsgId: MMSG-26355]
Action.c(1359): web_submit_data("saveDashboardConfig") was successful, 4 body bytes, 249 header bytes, 10 chunking overhead bytes  	[MsgId: MMSG-26385]
Action.c(1375): web_add_header("Accept") started  	[MsgId: MMSG-26355]
Action.c(1375): web_add_header("Accept") was successful  	[MsgId: MMSG-26392]
Action.c(1378): web_add_header("Upgrade-Insecure-Requests") started  	[MsgId: MMSG-26355]
Action.c(1378): web_add_header("Upgrade-Insecure-Requests") was successful  	[MsgId: MMSG-26392]
Action.c(1385): web_reg_find started  	[MsgId: MMSG-26355]
Action.c(1385): Registering web_reg_find was successful  	[MsgId: MMSG-26390]
Action.c(1389): web_url("review") started  	[MsgId: MMSG-26355]
Action.c(1389): Registered web_reg_find successful for "Text=Qualitative Review" (count=4)  	[MsgId: MMSG-26364]
Action.c(1389): web_url("review") was successful, 44077 body bytes, 274 header bytes, 52 chunking overhead bytes  	[MsgId: MMSG-26385]
Action.c(1398): web_add_header("Accept") started  	[MsgId: MMSG-26355]
Action.c(1398): web_add_header("Accept") was successful  	[MsgId: MMSG-26392]
Action.c(1401): web_concurrent_start started  	[MsgId: MMSG-26355]
Action.c(1401): web_concurrent_start was successful  	[MsgId: MMSG-26392]
Action.c(1403): web_url("jquery.dataTables.yadcf-926e48d7fd2745f397358930a160f1e9.css") started  	[MsgId: MMSG-26355]
Action.c(1403): Registering web_url("jquery.dataTables.yadcf-926e48d7fd2745f397358930a160f1e9.css") was successful  	[MsgId: MMSG-26390]
Action.c(1411): web_add_header("Accept") started  	[MsgId: MMSG-26355]
Action.c(1411): web_add_header("Accept") was successful  	[MsgId: MMSG-26392]
Action.c(1414): web_url("dataTablesActionButtons-50a104b30cb3aa5d21eb1f1f33f1d835.js") started  	[MsgId: MMSG-26355]
Action.c(1414): Registering web_url("dataTablesActionButtons-50a104b30cb3aa5d21eb1f1f33f1d835.js") was successful  	[MsgId: MMSG-26390]
Action.c(1422): web_add_header("Accept") started  	[MsgId: MMSG-26355]
Action.c(1422): web_add_header("Accept") was successful  	[MsgId: MMSG-26392]
Action.c(1425): web_url("deliveryOption-7f47fbed88efc00747809850e2dc4aa4.js") started  	[MsgId: MMSG-26355]
Action.c(1425): Registering web_url("deliveryOption-7f47fbed88efc00747809850e2dc4aa4.js") was successful  	[MsgId: MMSG-26390]
Action.c(1433): web_add_header("Accept") started  	[MsgId: MMSG-26355]
Action.c(1433): web_add_header("Accept") was successful  	[MsgId: MMSG-26392]
Action.c(1436): web_url("date_sorting-da239e7bd7a3fa5234640fc73de45906.js") started  	[MsgId: MMSG-26355]
Action.c(1436): Registering web_url("date_sorting-da239e7bd7a3fa5234640fc73de45906.js") was successful  	[MsgId: MMSG-26390]
Action.c(1444): web_add_header("Accept") started  	[MsgId: MMSG-26355]
Action.c(1444): web_add_header("Accept") was successful  	[MsgId: MMSG-26392]
Action.c(1447): web_url("simple_case_alert_review-00e9c3583729a51ba495c99fa9d8b592.js") started  	[MsgId: MMSG-26355]
Action.c(1447): Registering web_url("simple_case_alert_review-00e9c3583729a51ba495c99fa9d8b592.js") was successful  	[MsgId: MMSG-26390]
Action.c(1455): web_concurrent_end started  	[MsgId: MMSG-26355]
Action.c(1455): web_concurrent_end was successful, 11270 body bytes, 1699 header bytes  	[MsgId: MMSG-26386]
Action.c(1457): web_add_auto_header("Accept") started  	[MsgId: MMSG-26355]
Action.c(1457): web_add_auto_header("Accept") was successful  	[MsgId: MMSG-26392]
Action.c(1460): web_add_auto_header("X-Requested-With") started  	[MsgId: MMSG-26355]
Action.c(1460): web_add_auto_header("X-Requested-With") was successful  	[MsgId: MMSG-26392]
Action.c(1463): web_url("priorities") started  	[MsgId: MMSG-26355]
Action.c(1463): web_url("priorities") was successful, 965 body bytes, 256 header bytes, 12 chunking overhead bytes  	[MsgId: MMSG-26385]
Action.c(1472): web_url("workflowState") started  	[MsgId: MMSG-26355]
Action.c(1472): web_url("workflowState") was successful, 2 body bytes, 256 header bytes, 10 chunking overhead bytes  	[MsgId: MMSG-26385]
Action.c(1481): web_remove_auto_header("X-Requested-With") started  	[MsgId: MMSG-26355]
Action.c(1481): Previous automatically added web header for "X-Requested-With" removed  	[MsgId: MMSG-26587]
Action.c(1481): web_remove/revert_auto_header("X-Requested-With") was successful  	[MsgId: MMSG-26392]
Action.c(1492): web_add_auto_header("X-Requested-With") started  	[MsgId: MMSG-26355]
Action.c(1492): web_add_auto_header("X-Requested-With") was successful  	[MsgId: MMSG-26392]
Action.c(1504): web_remove_auto_header("Accept") started  	[MsgId: MMSG-26355]
Action.c(1504): Previous automatically added web header for "Accept" removed  	[MsgId: MMSG-26587]
Action.c(1504): web_remove/revert_auto_header("Accept") was successful  	[MsgId: MMSG-26392]
Action.c(1506): web_add_header("Accept") started  	[MsgId: MMSG-26355]
Action.c(1506): web_add_header("Accept") was successful  	[MsgId: MMSG-26392]
Action.c(1509): web_url("listConfig") started  	[MsgId: MMSG-26355]
Action.c(1509): web_url("listConfig") was successful, 6006 body bytes, 256 header bytes, 13 chunking overhead bytes  	[MsgId: MMSG-26385]
Action.c(1523): web_remove_auto_header("X-Requested-With") started  	[MsgId: MMSG-26355]
Action.c(1523): Previous automatically added web header for "X-Requested-With" removed  	[MsgId: MMSG-26587]
Action.c(1523): web_remove/revert_auto_header("X-Requested-With") was successful  	[MsgId: MMSG-26392]
Action.c(1525): web_add_header("Cache-Control") started  	[MsgId: MMSG-26355]
Action.c(1525): web_add_header("Cache-Control") was successful  	[MsgId: MMSG-26392]
Action.c(1528): web_add_header("Pragma") started  	[MsgId: MMSG-26355]
Action.c(1528): web_add_header("Pragma") was successful  	[MsgId: MMSG-26392]
Action.c(1531): web_add_header("Upgrade") started  	[MsgId: MMSG-26355]
Action.c(1531): web_add_header("Upgrade") was successful  	[MsgId: MMSG-26392]
Action.c(1542): web_add_auto_header("Accept") started  	[MsgId: MMSG-26355]
Action.c(1542): web_add_auto_header("Accept") was successful  	[MsgId: MMSG-26392]
Action.c(1545): web_add_auto_header("X-Requested-With") started  	[MsgId: MMSG-26355]
Action.c(1545): web_add_auto_header("X-Requested-With") was successful  	[MsgId: MMSG-26392]
Action.c(1557): Notify: Transaction "S01_03_NavigateTriggeredAlertsQualitativeReview" ended with a "Pass" status (Duration: 4.6299 Wasted Time: 0.0588).
Action.c(1570): Notify: Transaction "S01_04_ClickOnAlertName" started.
Action.c(1572): web_remove_auto_header("X-Requested-With") started  	[MsgId: MMSG-26355]
Action.c(1572): Previous automatically added web header for "X-Requested-With" removed  	[MsgId: MMSG-26587]
Action.c(1572): web_remove/revert_auto_header("X-Requested-With") was successful  	[MsgId: MMSG-26392]
Action.c(1574): web_add_auto_header("Accept") started  	[MsgId: MMSG-26355]
Action.c(1574): web_add_auto_header("Accept") was successful  	[MsgId: MMSG-26392]
Action.c(1577): web_add_header("Upgrade-Insecure-Requests") started  	[MsgId: MMSG-26355]
Action.c(1577): web_add_header("Upgrade-Insecure-Requests") was successful  	[MsgId: MMSG-26392]
Action.c(1580): web_reg_find started  	[MsgId: MMSG-26355]
Action.c(1580): Registering web_reg_find was successful  	[MsgId: MMSG-26390]
Action.c(1584): web_url("details") started  	[MsgId: MMSG-26355]
Action.c(1584): Registered web_reg_find successful for "Text=Alert Details" (count=2)  	[MsgId: MMSG-26364]
Action.c(1584): web_url("details") was successful, 176304 body bytes, 274 header bytes, 181 chunking overhead bytes  	[MsgId: MMSG-26385]
Action.c(1593): web_concurrent_start started  	[MsgId: MMSG-26355]
Action.c(1593): web_concurrent_start was successful  	[MsgId: MMSG-26392]
Action.c(1595): web_url("grid-rx-b439bf122addf135d43063a53d34f9d7.js") started  	[MsgId: MMSG-26355]
Action.c(1595): Registering web_url("grid-rx-b439bf122addf135d43063a53d34f9d7.js") was successful  	[MsgId: MMSG-26390]
Action.c(1603): web_url("highcharts-3d-65774008a3b78b30a394568a24c6af09.js") started  	[MsgId: MMSG-26355]
Action.c(1603): Registering web_url("highcharts-3d-65774008a3b78b30a394568a24c6af09.js") was successful  	[MsgId: MMSG-26390]
Action.c(1611): web_url("highcharts-more-f214354c75a376fd86847242d26a1023.js") started  	[MsgId: MMSG-26355]
Action.c(1611): Registering web_url("highcharts-more-f214354c75a376fd86847242d26a1023.js") was successful  	[MsgId: MMSG-26390]
Action.c(1619): web_url("bootbox.min-05d23d3920015845ca00414081fd0ec6.js") started  	[MsgId: MMSG-26355]
Action.c(1619): Registering web_url("bootbox.min-05d23d3920015845ca00414081fd0ec6.js") was successful  	[MsgId: MMSG-26390]
Action.c(1627): web_url("query-b27835585fd1b7c5ffd2e2c29a5ff2d7.css") started  	[MsgId: MMSG-26355]
Action.c(1627): Registering web_url("query-b27835585fd1b7c5ffd2e2c29a5ff2d7.css") was successful  	[MsgId: MMSG-26390]
Action.c(1635): web_url("businessConfiguration-731e96c2d56f6817b3602b4a92b3886f.css") started  	[MsgId: MMSG-26355]
Action.c(1635): Registering web_url("businessConfiguration-731e96c2d56f6817b3602b4a92b3886f.css") was successful  	[MsgId: MMSG-26390]
Action.c(1643): web_url("updatedFixedColumn-4180034da606560f8555366463a750ac.css") started  	[MsgId: MMSG-26355]
Action.c(1643): Registering web_url("updatedFixedColumn-4180034da606560f8555366463a750ac.css") was successful  	[MsgId: MMSG-26390]
Action.c(1651): web_url("pvs_list-642eea288b57d537ccfdff6c8e0e7c6b.css") started  	[MsgId: MMSG-26355]
Action.c(1651): Registering web_url("pvs_list-642eea288b57d537ccfdff6c8e0e7c6b.css") was successful  	[MsgId: MMSG-26390]
Action.c(1659): web_url("jquery.dataTables.yadcf-a13c93c305588bd0340c6a9901cd3492.js") started  	[MsgId: MMSG-26355]
Action.c(1659): Registering web_url("jquery.dataTables.yadcf-a13c93c305588bd0340c6a9901cd3492.js") was successful  	[MsgId: MMSG-26390]
Action.c(1667): web_url("colReorder.dataTables.min-6c9c3520f346057281532b7b491bad4b.css") started  	[MsgId: MMSG-26355]
Action.c(1667): Registering web_url("colReorder.dataTables.min-6c9c3520f346057281532b7b491bad4b.css") was successful  	[MsgId: MMSG-26390]
Action.c(1675): web_url("caseHistoryTable-1e0741698f7b28dcc84eeaa5e97bc3db.js") started  	[MsgId: MMSG-26355]
Action.c(1675): Registering web_url("caseHistoryTable-1e0741698f7b28dcc84eeaa5e97bc3db.js") was successful  	[MsgId: MMSG-26390]
Action.c(1683): web_url("datatable.colsReorder.min-f60fbf698f1fa675a29d5b361968020a.js") started  	[MsgId: MMSG-26355]
Action.c(1683): Registering web_url("datatable.colsReorder.min-f60fbf698f1fa675a29d5b361968020a.js") was successful  	[MsgId: MMSG-26390]
Action.c(1691): web_url("similarCases-313f82b9b82d3ae5fbaf40bbf9e37f17.js") started  	[MsgId: MMSG-26355]
Action.c(1691): Registering web_url("similarCases-313f82b9b82d3ae5fbaf40bbf9e37f17.js") was successful  	[MsgId: MMSG-26390]
Action.c(1699): web_url("fieldConfigurationManagement-e1a802ff9b5cad88989e761d50770b53.js") started  	[MsgId: MMSG-26355]
Action.c(1699): Registering web_url("fieldConfigurationManagement-e1a802ff9b5cad88989e761d50770b53.js") was successful  	[MsgId: MMSG-26390]
Action.c(1707): web_url("highcharts-de65192df8733b7a60482497a875df4c.js") started  	[MsgId: MMSG-26355]
Action.c(1707): Registering web_url("highcharts-de65192df8733b7a60482497a875df4c.js") was successful  	[MsgId: MMSG-26390]
Action.c(1715): web_url("bootstrap-modal-popover-13efefa1c00b94cc73690eb7d64a74c4.js") started  	[MsgId: MMSG-26355]
Action.c(1715): Registering web_url("bootstrap-modal-popover-13efefa1c00b94cc73690eb7d64a74c4.js") was successful  	[MsgId: MMSG-26390]
Action.c(1723): web_url("disposition-change-90ca5b153d45318b5626d8de75310b64.js") started  	[MsgId: MMSG-26355]
Action.c(1723): Registering web_url("disposition-change-90ca5b153d45318b5626d8de75310b64.js") was successful  	[MsgId: MMSG-26390]
Action.c(1731): web_url("priority-change-aab9e07e8f32d3a525b119f57b621288.js") started  	[MsgId: MMSG-26355]
Action.c(1731): Registering web_url("priority-change-aab9e07e8f32d3a525b119f57b621288.js") was successful  	[MsgId: MMSG-26390]
Action.c(1739): web_url("caseHistoryJustification-e00adcb2bfe499584728ed2595e37611.js") started  	[MsgId: MMSG-26355]
Action.c(1739): Registering web_url("caseHistoryJustification-e00adcb2bfe499584728ed2595e37611.js") was successful  	[MsgId: MMSG-26390]
Action.c(1747): web_url("underscore-98afbb17ea5a38bed2d9dd4c03c3c624.js") started  	[MsgId: MMSG-26355]
Action.c(1747): Registering web_url("underscore-98afbb17ea5a38bed2d9dd4c03c3c624.js") was successful  	[MsgId: MMSG-26390]
Action.c(1755): web_url("common_key_prevent-ef5634527119e90cc2576f0ef956085c.js") started  	[MsgId: MMSG-26355]
Action.c(1755): Registering web_url("common_key_prevent-ef5634527119e90cc2576f0ef956085c.js") was successful  	[MsgId: MMSG-26390]
Action.c(1763): web_url("advancedFilterQueryBuilder-6a50d7065df84d243f869aadaf8c60eb.js") started  	[MsgId: MMSG-26355]
Action.c(1763): Registering web_url("advancedFilterQueryBuilder-6a50d7065df84d243f869aadaf8c60eb.js") was successful  	[MsgId: MMSG-26390]
Action.c(1771): web_url("single_case_alert_details-50076305d9a840e6a3de6bf721a5516a.js") started  	[MsgId: MMSG-26355]
Action.c(1771): Registering web_url("single_case_alert_details-50076305d9a840e6a3de6bf721a5516a.js") was successful  	[MsgId: MMSG-26390]
Action.c(1779): web_url("to_add_container-b1b2fd25e47dbd84f82bc3c80acf5f8b.js") started  	[MsgId: MMSG-26355]
Action.c(1779): Registering web_url("to_add_container-b1b2fd25e47dbd84f82bc3c80acf5f8b.js") was successful  	[MsgId: MMSG-26390]
Action.c(1787): web_url("backbone-fb26971962c1315514c8ede192bc0252.js") started  	[MsgId: MMSG-26355]
Action.c(1787): Registering web_url("backbone-fb26971962c1315514c8ede192bc0252.js") was successful  	[MsgId: MMSG-26390]
Action.c(1795): web_concurrent_end started  	[MsgId: MMSG-26355]
Action.c(1795): web_concurrent_end was successful, 215791 body bytes, 8441 header bytes  	[MsgId: MMSG-26386]
Action.c(1797): web_add_auto_header("Accept") started  	[MsgId: MMSG-26355]
Action.c(1797): web_add_auto_header("Accept") was successful  	[MsgId: MMSG-26392]
Action.c(1800): web_add_auto_header("X-Requested-With") started  	[MsgId: MMSG-26355]
Action.c(1800): web_add_auto_header("X-Requested-With") was successful  	[MsgId: MMSG-26392]
Action.c(1803): web_url("commonTagDetails") started  	[MsgId: MMSG-26355]
Action.c(1803): web_url("commonTagDetails") was successful, 20 body bytes, 256 header bytes, 11 chunking overhead bytes  	[MsgId: MMSG-26385]
Action.c(1812): web_url("viewColumnInfo") started  	[MsgId: MMSG-26355]
Action.c(1812): web_url("viewColumnInfo") was successful, 2693 body bytes, 256 header bytes, 12 chunking overhead bytes  	[MsgId: MMSG-26385]
Action.c(1830): web_remove_auto_header("X-Requested-With") started  	[MsgId: MMSG-26355]
Action.c(1830): Previous automatically added web header for "X-Requested-With" removed  	[MsgId: MMSG-26587]
Action.c(1830): web_remove/revert_auto_header("X-Requested-With") was successful  	[MsgId: MMSG-26392]
Action.c(1841): web_add_header("X-Requested-With") started  	[MsgId: MMSG-26355]
Action.c(1841): web_add_header("X-Requested-With") was successful  	[MsgId: MMSG-26392]
Action.c(1853): web_remove_auto_header("Accept") started  	[MsgId: MMSG-26355]
Action.c(1853): Previous automatically added web header for "Accept" removed  	[MsgId: MMSG-26587]
Action.c(1853): web_remove/revert_auto_header("Accept") was successful  	[MsgId: MMSG-26392]
Action.c(1855): web_add_header("Cache-Control") started  	[MsgId: MMSG-26355]
Action.c(1855): web_add_header("Cache-Control") was successful  	[MsgId: MMSG-26392]
Action.c(1858): web_add_header("Pragma") started  	[MsgId: MMSG-26355]
Action.c(1858): web_add_header("Pragma") was successful  	[MsgId: MMSG-26392]
Action.c(1861): web_add_header("Upgrade") started  	[MsgId: MMSG-26355]
Action.c(1861): web_add_header("Upgrade") was successful  	[MsgId: MMSG-26392]
Action.c(1872): web_add_auto_header("Accept") started  	[MsgId: MMSG-26355]
Action.c(1872): web_add_auto_header("Accept") was successful  	[MsgId: MMSG-26392]
Action.c(1875): web_add_auto_header("X-Requested-With") started  	[MsgId: MMSG-26355]
Action.c(1875): web_add_auto_header("X-Requested-With") was successful  	[MsgId: MMSG-26392]
Action.c(1887): web_add_header("X-HTTP-Method-Override") started  	[MsgId: MMSG-26355]
Action.c(1887): web_add_header("X-HTTP-Method-Override") was successful  	[MsgId: MMSG-26392]
Action.c(1890): web_add_header("Sec-Fetch-Site") started  	[MsgId: MMSG-26355]
Action.c(1890): web_add_header("Sec-Fetch-Site") was successful  	[MsgId: MMSG-26392]
Action.c(1893): web_add_header("Sec-Fetch-Mode") started  	[MsgId: MMSG-26355]
Action.c(1893): web_add_header("Sec-Fetch-Mode") was successful  	[MsgId: MMSG-26392]
Action.c(1896): web_add_header("Sec-Fetch-Dest") started  	[MsgId: MMSG-26355]
Action.c(1896): web_add_header("Sec-Fetch-Dest") was successful  	[MsgId: MMSG-26392]
Action.c(1919): web_add_auto_header("Accept") started  	[MsgId: MMSG-26355]
Action.c(1919): web_add_auto_header("Accept") was successful  	[MsgId: MMSG-26392]
Action.c(1922): web_add_header("X-CSRF-TOKEN") started  	[MsgId: MMSG-26355]
Action.c(1922): web_add_header("X-CSRF-TOKEN") was successful  	[MsgId: MMSG-26392]
Action.c(1925): web_submit_data("15") started  	[MsgId: MMSG-26355]
Action.c(1925): web_submit_data("15") was successful, 175683 body bytes, 256 header bytes, 180 chunking overhead bytes  	[MsgId: MMSG-26385]
Action.c(2165): web_concurrent_start started  	[MsgId: MMSG-26355]
Action.c(2165): web_concurrent_start was successful  	[MsgId: MMSG-26392]
Action.c(2167): web_url("priority.hbs") started  	[MsgId: MMSG-26355]
Action.c(2167): Registering web_url("priority.hbs") was successful  	[MsgId: MMSG-26390]
Action.c(2174): web_url("action_drop_down.hbs") started  	[MsgId: MMSG-26355]
Action.c(2174): Registering web_url("action_drop_down.hbs") was successful  	[MsgId: MMSG-26390]
Action.c(2181): web_url("disposition.hbs") started  	[MsgId: MMSG-26355]
Action.c(2181): Registering web_url("disposition.hbs") was successful  	[MsgId: MMSG-26390]
Action.c(2188): web_concurrent_end started  	[MsgId: MMSG-26355]
Action.c(2188): web_concurrent_end was successful, 1067 body bytes, 869 header bytes  	[MsgId: MMSG-26386]
Action.c(2190): Notify: Transaction "S01_04_ClickOnAlertName" ended with a "Pass" status (Duration: 9.3101 Wasted Time: 0.2083).
Action.c(2194): web_add_auto_header("Accept") started  	[MsgId: MMSG-26355]
Action.c(2194): web_add_auto_header("Accept") was successful  	[MsgId: MMSG-26392]
Action.c(2215): web_url("bulk_operation_options.hbs") started  	[MsgId: MMSG-26355]
Action.c(2215): web_url("bulk_operation_options.hbs") was successful, 197 body bytes, 300 header bytes  	[MsgId: MMSG-26386]
Action.c(2222): Notify: Transaction "S01_05_ChangePriorityNCAses" started.
Action.c(2226): web_add_auto_header("Accept") started  	[MsgId: MMSG-26355]
Action.c(2226): web_add_auto_header("Accept") was successful  	[MsgId: MMSG-26392]
Action.c(2229): web_add_header("X-CSRF-TOKEN") started  	[MsgId: MMSG-26355]
Action.c(2229): web_add_header("X-CSRF-TOKEN") was successful  	[MsgId: MMSG-26392]
Action.c(2232): web_submit_data("changePriorityOfAlert") started  	[MsgId: MMSG-26355]
Action.c(2232): web_submit_data("changePriorityOfAlert") was successful, 53 body bytes, 256 header bytes, 11 chunking overhead bytes  	[MsgId: MMSG-26385]
Action.c(2251): web_add_auto_header("Accept") started  	[MsgId: MMSG-26355]
Action.c(2251): web_add_auto_header("Accept") was successful  	[MsgId: MMSG-26392]
Action.c(2263): Notify: Transaction "S01_05_ChangePriorityNCAses" ended with a "Pass" status (Duration: 0.7297 Wasted Time: 0.0111).
Action.c(2267): Notify: Transaction "S01_06_ChangePriorityNCases" started.
Action.c(2269): web_add_auto_header("Accept") started  	[MsgId: MMSG-26355]
Action.c(2269): web_add_auto_header("Accept") was successful  	[MsgId: MMSG-26392]
Action.c(2272): web_add_header("X-CSRF-TOKEN") started  	[MsgId: MMSG-26355]
Action.c(2272): web_add_header("X-CSRF-TOKEN") was successful  	[MsgId: MMSG-26392]
Action.c(2275): web_submit_data("changePriorityOfAlert_2") started  	[MsgId: MMSG-26355]
Action.c(2275): web_submit_data("changePriorityOfAlert_2") was successful, 53 body bytes, 256 header bytes, 11 chunking overhead bytes  	[MsgId: MMSG-26385]
Action.c(2294): Notify: Transaction "S01_06_ChangePriorityNCases" ended with a "Pass" status (Duration: 1.7123 Wasted Time: 0.0095).
Action.c(2299): web_add_auto_header("Accept") started  	[MsgId: MMSG-26355]
Action.c(2299): web_add_auto_header("Accept") was successful  	[MsgId: MMSG-26392]
Action.c(2322): web_add_auto_header("Accept") started  	[MsgId: MMSG-26355]
Action.c(2322): web_add_auto_header("Accept") was successful  	[MsgId: MMSG-26392]
Action.c(2325): web_url("searchUserGroupList") started  	[MsgId: MMSG-26355]
Action.c(2325): web_url("searchUserGroupList") was successful, 86 body bytes, 256 header bytes, 11 chunking overhead bytes  	[MsgId: MMSG-26385]
Action.c(2334): web_url("searchUserGroupList_2") started  	[MsgId: MMSG-26355]
Action.c(2334): web_url("searchUserGroupList_2") was successful, 86 body bytes, 256 header bytes, 11 chunking overhead bytes  	[MsgId: MMSG-26385]
Action.c(2343): web_url("searchUserGroupList_3") started  	[MsgId: MMSG-26355]
Action.c(2343): web_url("searchUserGroupList_3") was successful, 86 body bytes, 256 header bytes, 11 chunking overhead bytes  	[MsgId: MMSG-26385]
Action.c(2352): Notify: Transaction "S01_07_ChangeAssignedToNCAses" started.
Action.c(2355): web_reg_find started  	[MsgId: MMSG-26355]
Action.c(2355): Registering web_reg_find was successful  	[MsgId: MMSG-26390]
Action.c(2359): web_url("changeAssignedToGroup") started  	[MsgId: MMSG-26355]
Action.c(2359): Registered web_reg_find successful for "Text=Assigned To changed successfully." (count=1)  	[MsgId: MMSG-26364]
Action.c(2359): web_url("changeAssignedToGroup") was successful, 85 body bytes, 256 header bytes, 11 chunking overhead bytes  	[MsgId: MMSG-26385]
Action.c(2368): Notify: Transaction "S01_07_ChangeAssignedToNCAses" ended with a "Pass" status (Duration: 0.9860 Wasted Time: 0.0101).
Action.c(2372): web_add_auto_header("Accept") started  	[MsgId: MMSG-26355]
Action.c(2372): web_add_auto_header("Accept") was successful  	[MsgId: MMSG-26392]
Action.c(2384): web_add_auto_header("Accept") started  	[MsgId: MMSG-26355]
Action.c(2384): web_add_auto_header("Accept") was successful  	[MsgId: MMSG-26392]
Action.c(2387): web_url("searchUserGroupList_4") started  	[MsgId: MMSG-26355]
Action.c(2387): web_url("searchUserGroupList_4") was successful, 325 body bytes, 256 header bytes, 12 chunking overhead bytes  	[MsgId: MMSG-26385]
Action.c(2396): web_add_auto_header("Accept") started  	[MsgId: MMSG-26355]
Action.c(2396): web_add_auto_header("Accept") was successful  	[MsgId: MMSG-26392]
Action.c(2408): web_add_auto_header("Accept") started  	[MsgId: MMSG-26355]
Action.c(2408): web_add_auto_header("Accept") was successful  	[MsgId: MMSG-26392]
Action.c(2411): web_url("searchUserGroupList_5") started  	[MsgId: MMSG-26355]
Action.c(2411): web_url("searchUserGroupList_5") was successful, 80 body bytes, 256 header bytes, 11 chunking overhead bytes  	[MsgId: MMSG-26385]
Action.c(2420): web_add_auto_header("Accept") started  	[MsgId: MMSG-26355]
Action.c(2420): web_add_auto_header("Accept") was successful  	[MsgId: MMSG-26392]
Action.c(2432): Notify: Transaction "S01_08_ChangeAssignedToNCAses" started.
Action.c(2434): web_add_auto_header("Accept") started  	[MsgId: MMSG-26355]
Action.c(2434): web_add_auto_header("Accept") was successful  	[MsgId: MMSG-26392]
Action.c(2437): web_reg_find started  	[MsgId: MMSG-26355]
Action.c(2437): Registering web_reg_find was successful  	[MsgId: MMSG-26390]
Action.c(2441): web_url("changeAssignedToGroup_2") started  	[MsgId: MMSG-26355]
Action.c(2441): Registered web_reg_find successful for "Text=Assigned To changed successfully" (count=1)  	[MsgId: MMSG-26364]
Action.c(2441): web_url("changeAssignedToGroup_2") was successful, 85 body bytes, 256 header bytes, 11 chunking overhead bytes  	[MsgId: MMSG-26385]
Action.c(2450): web_add_auto_header("Accept") started  	[MsgId: MMSG-26355]
Action.c(2450): web_add_auto_header("Accept") was successful  	[MsgId: MMSG-26392]
Action.c(2462): Notify: Transaction "S01_08_ChangeAssignedToNCAses" ended with a "Pass" status (Duration: 0.5855 Wasted Time: 0.0054).
Action.c(2475): Notify: Transaction "S01_09_Logout" started.
Action.c(2477): web_url("discardTempChanges") started  	[MsgId: MMSG-26355]
Action.c(2477): web_url("discardTempChanges") was successful, 0 body bytes, 210 header bytes, 5 chunking overhead bytes  	[MsgId: MMSG-26385]
Action.c(2485): web_remove_auto_header("X-Requested-With") started  	[MsgId: MMSG-26355]
Action.c(2485): Previous automatically added web header for "X-Requested-With" removed  	[MsgId: MMSG-26587]
Action.c(2485): web_remove/revert_auto_header("X-Requested-With") was successful  	[MsgId: MMSG-26392]
Action.c(2487): web_add_auto_header("Accept") started  	[MsgId: MMSG-26355]
Action.c(2487): web_add_auto_header("Accept") was successful  	[MsgId: MMSG-26392]
Action.c(2490): web_add_header("Upgrade-Insecure-Requests") started  	[MsgId: MMSG-26355]
Action.c(2490): web_add_header("Upgrade-Insecure-Requests") was successful  	[MsgId: MMSG-26392]
Action.c(2493): web_reg_find started  	[MsgId: MMSG-26355]
Action.c(2493): Registering web_reg_find was successful  	[MsgId: MMSG-26390]
Action.c(2497): web_url("index") started  	[MsgId: MMSG-26355]
Action.c(2497): Redirecting "http://10.100.22.24:8181/signal/logout/index" (redirection depth is 0)  	[MsgId: MMSG-26694]
Action.c(2497): To location "http://10.100.22.24:8181/signal/logoff"  	[MsgId: MMSG-26693]
Action.c(2497): Redirecting "http://10.100.22.24:8181/signal/logoff" (redirection depth is 1)  	[MsgId: MMSG-26694]
Action.c(2497): To location "http://10.100.22.24:8181/signal/login/auth"  	[MsgId: MMSG-26693]
Action.c(2497): Registered web_reg_find successful for "Text=Log in" (count=2)  	[MsgId: MMSG-26364]
Action.c(2497): web_url("index") was successful, 2397 body bytes, 914 header bytes, 17 chunking overhead bytes  	[MsgId: MMSG-26385]
Action.c(2506): Notify: Transaction "S01_09_Logout" ended with a "Pass" status (Duration: 2.2084 Wasted Time: 0.0151).
Ending action Action.
Ending iteration 1.
Ending Vuser...
Starting action vuser_end.
Ending action vuser_end.
Vuser Terminated.
